09:29:32,722 INFO  [Server] Starting JBoss (MX MicroKernel)...
09:29:32,724 INFO  [Server] Release ID: JBoss [Zion] 4.0.5.GA (build: CVSTag=Branch_4_0 date=200610162339)
09:29:32,724 DEBUG [Server] Using config: org.jboss.system.server.ServerConfigImpl@3f4f44
09:29:32,724 DEBUG [Server] Server type: class org.jboss.system.server.ServerImpl
09:29:32,724 DEBUG [Server] Server loaded through: org.jboss.system.server.NoAnnotationURLClassLoader
09:29:32,724 DEBUG [Server] Boot URLs:
09:29:32,724 DEBUG [Server]   file:/home/cache/jboss-4.0.5.GA/lib/endorsed/xercesImpl.jar
09:29:32,724 DEBUG [Server]   file:/home/cache/jboss-4.0.5.GA/lib/endorsed/xalan.jar
09:29:32,724 DEBUG [Server]   file:/home/cache/jboss-4.0.5.GA/lib/endorsed/serializer.jar
09:29:32,724 DEBUG [Server]   file:/home/cache/jboss-4.0.5.GA/lib/endorsed/xml-apis.jar
09:29:32,724 DEBUG [Server]   file:/home/cache/jboss-4.0.5.GA/lib/endorsed/resolver.jar
09:29:32,724 DEBUG [Server]   file:/home/cache/jboss-4.0.5.GA/lib/jboss-jmx.jar
09:29:32,725 DEBUG [Server]   file:/home/cache/jboss-4.0.5.GA/lib/concurrent.jar
09:29:32,725 DEBUG [Server]   file:/home/cache/jboss-4.0.5.GA/lib/log4j-boot.jar
09:29:32,725 DEBUG [Server]   file:/home/cache/jboss-4.0.5.GA/lib/jboss-common.jar
09:29:32,725 DEBUG [Server]   file:/home/cache/jboss-4.0.5.GA/lib/jboss-system.jar
09:29:32,725 DEBUG [Server]   file:/home/cache/jboss-4.0.5.GA/lib/jboss-xml-binding.jar
09:29:32,725 DEBUG [Server]   file:/home/cache/jboss-4.0.5.GA/lib/namespace.jar
09:29:32,725 INFO  [Server] Home Dir: /home/cache/jboss-4.0.5.GA
09:29:32,725 INFO  [Server] Home URL: file:/home/cache/jboss-4.0.5.GA/
09:29:32,725 DEBUG [Server] Library URL: file:/home/cache/jboss-4.0.5.GA/lib/
09:29:32,726 INFO  [Server] Patch URL: null
09:29:32,726 INFO  [Server] Server Name: cache
09:29:32,726 INFO  [Server] Server Home Dir: /home/cache/jboss-4.0.5.GA/server/cache
09:29:32,726 INFO  [Server] Server Home URL: file:/home/cache/jboss-4.0.5.GA/server/cache/
09:29:32,726 INFO  [Server] Server Log Dir: /home/cache/jboss-4.0.5.GA/server/cache/log
09:29:32,727 DEBUG [Server] Server Data Dir: /home/cache/jboss-4.0.5.GA/server/cache/data
09:29:32,727 INFO  [Server] Server Temp Dir: /home/cache/jboss-4.0.5.GA/server/cache/tmp
09:29:32,727 DEBUG [Server] Server Config URL: file:/home/cache/jboss-4.0.5.GA/server/cache/conf/
09:29:32,727 DEBUG [Server] Server Library URL: file:/home/cache/jboss-4.0.5.GA/server/cache/lib/
09:29:32,727 INFO  [Server] Root Deployment Filename: jboss-service.xml
09:29:32,743 DEBUG [Server] Starting General Purpose Architecture (GPA)...
09:29:33,128 DEBUG [Server] Created MBeanServer: org.jboss.mx.server.MBeanServerImpl@1a69290[ defaultDomain='jboss' ]
09:29:33,297 DEBUG [Server] Boot url list: [file:/home/cache/jboss-4.0.5.GA/server/cache/conf/]
09:29:33,297 DEBUG [Server] Creating loader for URL: file:/home/cache/jboss-4.0.5.GA/server/cache/conf/
09:29:33,304 DEBUG [RepositoryClassLoader] setRepository, repository=org.jboss.mx.loading.UnifiedLoaderRepository3@1d65cd0, cl=org.jboss.mx.loading.UnifiedClassLoader3@677646{ url=file:/home/cache/jboss-4.0.5.GA/server/cache/conf/ ,addedOrder=0}
09:29:33,304 DEBUG [RepositoryClassLoader] setRepository, repository=org.jboss.mx.loading.UnifiedLoaderRepository3@1d65cd0, cl=org.jboss.mx.loading.UnifiedClassLoader3@677646{ url=file:/home/cache/jboss-4.0.5.GA/server/cache/conf/ ,addedOrder=0}
09:29:33,304 DEBUG [UnifiedLoaderRepository3] Adding org.jboss.mx.loading.UnifiedClassLoader3@677646{ url=file:/home/cache/jboss-4.0.5.GA/server/cache/conf/ ,addedOrder=0}
09:29:33,627 DEBUG [Server] Failed to create xmbean for: org.jboss.system.server.ServerInfo
09:29:33,649 INFO  [ServerInfo] Java version: 1.7.0_67,Oracle Corporation
09:29:33,674 INFO  [ServerInfo] Java VM: Java HotSpot(TM) Server VM 24.65-b04,Oracle Corporation
09:29:33,674 INFO  [ServerInfo] OS-System: Linux 2.6.18-xenU-ec2-v1.0,i386
09:29:33,674 DEBUG [ServerInfo] Full System Properties Dump
09:29:33,674 DEBUG [ServerInfo]     java.runtime.name: Java(TM) SE Runtime Environment
09:29:33,674 DEBUG [ServerInfo]     jboss.server.base.dir: /home/cache/jboss-4.0.5.GA/server
09:29:33,675 DEBUG [ServerInfo]     java.protocol.handler.pkgs: org.jboss.net.protocol
09:29:33,675 DEBUG [ServerInfo]     sun.boot.library.path: /opt/jdk1.7.0_67/jre/lib/i386
09:29:33,675 DEBUG [ServerInfo]     jboss.server.lib.url: file:/home/cache/jboss-4.0.5.GA/server/cache/lib/
09:29:33,675 DEBUG [ServerInfo]     java.vm.version: 24.65-b04
09:29:33,675 DEBUG [ServerInfo]     javax.management.builder.initial: org.jboss.mx.server.MBeanServerBuilderImpl
09:29:33,675 DEBUG [ServerInfo]     java.vm.vendor: Oracle Corporation
09:29:33,675 DEBUG [ServerInfo]     java.vendor.url: http://java.oracle.com/
09:29:33,675 DEBUG [ServerInfo]     path.separator: :
09:29:33,675 DEBUG [ServerInfo]     java.vm.name: Java HotSpot(TM) Server VM
09:29:33,675 DEBUG [ServerInfo]     file.encoding.pkg: sun.io
09:29:33,675 DEBUG [ServerInfo]     user.country: US
09:29:33,675 DEBUG [ServerInfo]     sun.java.launcher: SUN_STANDARD
09:29:33,675 DEBUG [ServerInfo]     sun.os.patch.level: unknown
09:29:33,675 DEBUG [ServerInfo]     program.name: run.sh
09:29:33,675 DEBUG [ServerInfo]     java.vm.specification.name: Java Virtual Machine Specification
09:29:33,675 DEBUG [ServerInfo]     user.dir: /home/cache/jboss-4.0.5.GA/bin
09:29:33,676 DEBUG [ServerInfo]     jboss.server.base.url: file:/home/cache/jboss-4.0.5.GA/server/
09:29:33,676 DEBUG [ServerInfo]     java.runtime.version: 1.7.0_67-b01
09:29:33,676 DEBUG [ServerInfo]     java.awt.graphicsenv: sun.awt.X11GraphicsEnvironment
09:29:33,676 DEBUG [ServerInfo]     java.endorsed.dirs: /home/cache/jboss-4.0.5.GA/lib/endorsed
09:29:33,676 DEBUG [ServerInfo]     os.arch: i386
09:29:33,676 DEBUG [ServerInfo]     sun.rmi.dgc.server.gcInterval: 0x7FFFFFFFFFFFFFFE
09:29:33,676 DEBUG [ServerInfo]     java.io.tmpdir: /tmp
09:29:33,676 DEBUG [ServerInfo]     line.separator: 

09:29:33,676 DEBUG [ServerInfo]     jbossmx.loader.repository.class: org.jboss.mx.loading.UnifiedLoaderRepository3
09:29:33,676 DEBUG [ServerInfo]     java.vm.specification.vendor: Oracle Corporation
09:29:33,676 DEBUG [ServerInfo]     os.name: Linux
09:29:33,676 DEBUG [ServerInfo]     jboss.bind.address: 0.0.0.0
09:29:33,676 DEBUG [ServerInfo]     jboss.server.temp.dir: /home/cache/jboss-4.0.5.GA/server/cache/tmp
09:29:33,676 DEBUG [ServerInfo]     jboss.home.dir: /home/cache/jboss-4.0.5.GA
09:29:33,676 DEBUG [ServerInfo]     sun.jnu.encoding: ANSI_X3.4-1968
09:29:33,676 DEBUG [ServerInfo]     java.library.path: /usr/java/packages/lib/i386:/lib:/usr/lib
09:29:33,676 DEBUG [ServerInfo]     jboss.server.home.dir: /home/cache/jboss-4.0.5.GA/server/cache
09:29:33,677 DEBUG [ServerInfo]     java.class.version: 51.0
09:29:33,677 DEBUG [ServerInfo]     java.specification.name: Java Platform API Specification
09:29:33,677 DEBUG [ServerInfo]     sun.management.compiler: HotSpot Tiered Compilers
09:29:33,677 DEBUG [ServerInfo]     jboss.server.config.url: file:/home/cache/jboss-4.0.5.GA/server/cache/conf/
09:29:33,677 DEBUG [ServerInfo]     os.version: 2.6.18-xenU-ec2-v1.0
09:29:33,677 DEBUG [ServerInfo]     jboss.home.url: file:/home/cache/jboss-4.0.5.GA/
09:29:33,677 DEBUG [ServerInfo]     user.home: /home/cache
09:29:33,677 DEBUG [ServerInfo]     user.timezone: America/New_York
09:29:33,677 DEBUG [ServerInfo]     java.awt.printerjob: sun.print.PSPrinterJob
09:29:33,677 DEBUG [ServerInfo]     java.specification.version: 1.7
09:29:33,677 DEBUG [ServerInfo]     file.encoding: ANSI_X3.4-1968
09:29:33,677 DEBUG [ServerInfo]     jboss.server.home.url: file:/home/cache/jboss-4.0.5.GA/server/cache/
09:29:33,677 DEBUG [ServerInfo]     jboss.server.log.dir: /home/cache/jboss-4.0.5.GA/server/cache/log
09:29:33,677 DEBUG [ServerInfo]     user.name: cache
09:29:33,677 DEBUG [ServerInfo]     java.class.path: /home/cache/jboss-4.0.5.GA/bin/run.jar:/opt/jdk1.7.0_67/lib/tools.jar
09:29:33,677 DEBUG [ServerInfo]     jboss.lib.url: file:/home/cache/jboss-4.0.5.GA/lib/
09:29:33,677 DEBUG [ServerInfo]     jboss.server.name: cache
09:29:33,678 DEBUG [ServerInfo]     java.vm.specification.version: 1.7
09:29:33,678 DEBUG [ServerInfo]     sun.arch.data.model: 32
09:29:33,678 DEBUG [ServerInfo]     java.home: /opt/jdk1.7.0_67/jre
09:29:33,678 DEBUG [ServerInfo]     sun.java.command: org.jboss.Main -c cache
09:29:33,678 DEBUG [ServerInfo]     java.specification.vendor: Oracle Corporation
09:29:33,678 DEBUG [ServerInfo]     user.language: en
09:29:33,678 DEBUG [ServerInfo]     awt.toolkit: sun.awt.X11.XToolkit
09:29:33,678 DEBUG [ServerInfo]     java.vm.info: mixed mode
09:29:33,678 DEBUG [ServerInfo]     java.version: 1.7.0_67
09:29:33,678 DEBUG [ServerInfo]     java.ext.dirs: /opt/jdk1.7.0_67/jre/lib/ext:/usr/java/packages/lib/ext
09:29:33,678 DEBUG [ServerInfo]     jboss.server.data.dir: /home/cache/jboss-4.0.5.GA/server/cache/data
09:29:33,696 DEBUG [ServerInfo]     sun.boot.class.path: /home/cache/jboss-4.0.5.GA/lib/endorsed/xercesImpl.jar:/home/cache/jboss-4.0.5.GA/lib/endorsed/xalan.jar:/home/cache/jboss-4.0.5.GA/lib/endorsed/serializer.jar:/home/cache/jboss-4.0.5.GA/lib/endorsed/xml-apis.jar:/home/cache/jboss-4.0.5.GA/lib/endorsed/resolver.jar:/opt/jdk1.7.0_67/jre/lib/resources.jar:/opt/jdk1.7.0_67/jre/lib/rt.jar:/opt/jdk1.7.0_67/jre/lib/sunrsasign.jar:/opt/jdk1.7.0_67/jre/lib/jsse.jar:/opt/jdk1.7.0_67/jre/lib/jce.jar:/opt/jdk1.7.0_67/jre/lib/charsets.jar:/opt/jdk1.7.0_67/jre/lib/jfr.jar:/opt/jdk1.7.0_67/jre/classes
09:29:33,697 DEBUG [ServerInfo]     java.vendor: Oracle Corporation
09:29:33,697 DEBUG [ServerInfo]     file.separator: /
09:29:33,697 DEBUG [ServerInfo]     java.vendor.url.bug: http://bugreport.sun.com/bugreport/
09:29:33,697 DEBUG [ServerInfo]     sun.rmi.dgc.client.gcInterval: 0x7FFFFFFFFFFFFFFE
09:29:33,697 DEBUG [ServerInfo]     sun.cpu.endian: little
09:29:33,697 DEBUG [ServerInfo]     sun.io.unicode.encoding: UnicodeLittle
09:29:33,697 DEBUG [ServerInfo]     sun.cpu.isalist: 
09:29:33,755 DEBUG [Server] Created system MBean: jboss.system:type=ServerInfo
09:29:33,763 DEBUG [Server] Failed to create xmbean for: org.jboss.system.ServiceController
09:29:33,819 DEBUG [ServiceController] Controller MBean online
09:29:33,819 DEBUG [Server] Created system MBean: jboss.system:service=ServiceController
09:29:34,197 DEBUG [Server] Created system XMBean: jboss.system:service=MainDeployer
09:29:34,197 DEBUG [ServiceController] Creating service jboss.system:service=MainDeployer
09:29:34,220 DEBUG [MainDeployer] Creating jboss.system:service=MainDeployer
09:29:34,358 DEBUG [MainDeployer] Created jboss.system:service=MainDeployer
09:29:34,358 DEBUG [ServiceController] Creating dependent components for: jboss.system:service=MainDeployer dependents are: []
09:29:34,358 DEBUG [ServiceController] starting service jboss.system:service=MainDeployer
09:29:34,359 DEBUG [MainDeployer] Starting jboss.system:service=MainDeployer
09:29:34,359 DEBUG [MainDeployer] Started jboss.system:service=MainDeployer
09:29:34,359 DEBUG [ServiceController] Starting dependent components for: jboss.system:service=MainDeployer dependent components: []
09:29:34,360 DEBUG [Server] Shutdown hook added
09:29:34,668 DEBUG [Server] Created system XMBean: jboss.system:service=JARDeployer
09:29:34,668 DEBUG [ServiceController] Creating service jboss.system:service=JARDeployer
09:29:34,669 DEBUG [JARDeployer] Creating jboss.system:service=JARDeployer
09:29:34,803 DEBUG [JARDeployer] Created jboss.system:service=JARDeployer
09:29:34,804 DEBUG [ServiceController] Creating dependent components for: jboss.system:service=JARDeployer dependents are: []
09:29:34,804 DEBUG [ServiceController] starting service jboss.system:service=JARDeployer
09:29:34,804 DEBUG [JARDeployer] Starting jboss.system:service=JARDeployer
09:29:34,804 DEBUG [MainDeployer] Adding deployer: org.jboss.deployment.JARDeployer@1b50891
09:29:34,805 DEBUG [SuffixOrderHelper] Static suffix exists; ignoring request for adding enhanced suffix: 700:.jar
09:29:34,805 DEBUG [JARDeployer] Started jboss.system:service=JARDeployer
09:29:34,805 DEBUG [ServiceController] Starting dependent components for: jboss.system:service=JARDeployer dependent components: []
09:29:35,006 DEBUG [Server] Created system XMBean: jboss.system:service=ServiceDeployer
09:29:35,006 DEBUG [ServiceController] Creating service jboss.system:service=ServiceDeployer
09:29:35,007 DEBUG [SARDeployer] Creating jboss.system:service=ServiceDeployer
09:29:35,044 DEBUG [SARDeployer] Created jboss.system:service=ServiceDeployer
09:29:35,044 DEBUG [ServiceController] Creating dependent components for: jboss.system:service=ServiceDeployer dependents are: []
09:29:35,045 DEBUG [ServiceController] starting service jboss.system:service=ServiceDeployer
09:29:35,045 DEBUG [SARDeployer] Starting jboss.system:service=ServiceDeployer
09:29:35,045 DEBUG [MainDeployer] Adding deployer: org.jboss.deployment.SARDeployer@c17306
09:29:35,055 DEBUG [SARDeployer] Started jboss.system:service=ServiceDeployer
09:29:35,055 DEBUG [ServiceController] Starting dependent components for: jboss.system:service=ServiceDeployer dependent components: []
09:29:35,055 INFO  [Server] Core system initialized
09:29:35,095 DEBUG [MainDeployer] Starting deployment of package: file:/home/cache/jboss-4.0.5.GA/server/cache/conf/jboss-service.xml
09:29:35,095 DEBUG [MainDeployer] Starting deployment (init step) of package at: file:/home/cache/jboss-4.0.5.GA/server/cache/conf/jboss-service.xml
09:29:35,149 DEBUG [MainDeployer] Copying file:/home/cache/jboss-4.0.5.GA/server/cache/conf/jboss-service.xml -> /home/cache/jboss-4.0.5.GA/server/cache/tmp/deploy/tmp3068955725860773011jboss-service.xml
09:29:35,158 DEBUG [MainDeployer] using deployer org.jboss.deployment.SARDeployer@c17306
09:29:35,215 DEBUG [SARDeployer] Found classpath element: [classpath: null]
09:29:35,224 DEBUG [SARDeployer] codebase URL is file:/home/cache/jboss-4.0.5.GA/server/cache/lib/
09:29:35,224 DEBUG [SARDeployer] listing codebase for archives matching *
09:29:35,228 DEBUG [SARDeployer] URLLister class is org.jboss.net.protocol.file.FileURLLister
09:29:35,273 DEBUG [SARDeployer] deployed classes for file:/home/cache/jboss-4.0.5.GA/server/cache/lib/jpl-pattern.jar
09:29:35,273 DEBUG [SARDeployer] deployed classes for file:/home/cache/jboss-4.0.5.GA/server/cache/lib/wsdl4j.jar
09:29:35,273 DEBUG [SARDeployer] deployed classes for file:/home/cache/jboss-4.0.5.GA/server/cache/lib/dom4j.jar
09:29:35,273 DEBUG [SARDeployer] deployed classes for file:/home/cache/jboss-4.0.5.GA/server/cache/lib/jboss-transaction.jar
09:29:35,273 DEBUG [SARDeployer] deployed classes for file:/home/cache/jboss-4.0.5.GA/server/cache/lib/activation.jar
09:29:35,273 DEBUG [SARDeployer] deployed classes for file:/home/cache/jboss-4.0.5.GA/server/cache/lib/jboss-remoting-int.jar
09:29:35,273 DEBUG [SARDeployer] deployed classes for file:/home/cache/jboss-4.0.5.GA/server/cache/lib/jboss.jar
09:29:35,273 DEBUG [SARDeployer] deployed classes for file:/home/cache/jboss-4.0.5.GA/server/cache/lib/jboss-hibernate.jar
09:29:35,273 DEBUG [SARDeployer] deployed classes for file:/home/cache/jboss-4.0.5.GA/server/cache/lib/xmlentitymgr.jar
09:29:35,273 DEBUG [SARDeployer] deployed classes for file:/home/cache/jboss-4.0.5.GA/server/cache/lib/cglib.jar
09:29:35,273 DEBUG [SARDeployer] deployed classes for file:/home/cache/jboss-4.0.5.GA/server/cache/lib/shared.jar
09:29:35,273 DEBUG [SARDeployer] deployed classes for file:/home/cache/jboss-4.0.5.GA/server/cache/lib/bsh-deployer.jar
09:29:35,273 DEBUG [SARDeployer] deployed classes for file:/home/cache/jboss-4.0.5.GA/server/cache/lib/tcwebcommon.jar
09:29:35,273 DEBUG [SARDeployer] deployed classes for file:/home/cache/jboss-4.0.5.GA/server/cache/lib/jnpserver.jar
09:29:35,273 DEBUG [SARDeployer] deployed classes for file:/home/cache/jboss-4.0.5.GA/server/cache/lib/jboss-cache.jar
09:29:35,273 DEBUG [SARDeployer] deployed classes for file:/home/cache/jboss-4.0.5.GA/server/cache/lib/jboss-monitoring.jar
09:29:35,273 DEBUG [SARDeployer] deployed classes for file:/home/cache/jboss-4.0.5.GA/server/cache/lib/jboss-srp.jar
09:29:35,273 DEBUG [SARDeployer] deployed classes for file:/home/cache/jboss-4.0.5.GA/server/cache/lib/jboss-j2ee.jar
09:29:35,273 DEBUG [SARDeployer] deployed classes for file:/home/cache/jboss-4.0.5.GA/server/cache/lib/mail.jar
09:29:35,274 DEBUG [SARDeployer] deployed classes for file:/home/cache/jboss-4.0.5.GA/server/cache/lib/bsh-1.3.0.jar
09:29:35,274 DEBUG [SARDeployer] deployed classes for file:/home/cache/jboss-4.0.5.GA/server/cache/lib/commons-collections.jar
09:29:35,274 DEBUG [SARDeployer] deployed classes for file:/home/cache/jboss-4.0.5.GA/server/cache/lib/jboss-jsr88.jar
09:29:35,274 DEBUG [SARDeployer] deployed classes for file:/home/cache/jboss-4.0.5.GA/server/cache/lib/log4j.jar
09:29:35,274 DEBUG [SARDeployer] deployed classes for file:/home/cache/jboss-4.0.5.GA/server/cache/lib/properties-plugin.jar
09:29:35,274 DEBUG [SARDeployer] deployed classes for file:/home/cache/jboss-4.0.5.GA/server/cache/lib/commons-logging.jar
09:29:35,274 DEBUG [SARDeployer] deployed classes for file:/home/cache/jboss-4.0.5.GA/server/cache/lib/javax.servlet.jsp.jar
09:29:35,274 DEBUG [SARDeployer] deployed classes for file:/home/cache/jboss-4.0.5.GA/server/cache/lib/jboss-backport-concurrent.jar
09:29:35,274 DEBUG [SARDeployer] deployed classes for file:/home/cache/jboss-4.0.5.GA/server/cache/lib/commons-httpclient.jar
09:29:35,274 DEBUG [SARDeployer] deployed classes for file:/home/cache/jboss-4.0.5.GA/server/cache/lib/hsqldb.jar
09:29:35,274 DEBUG [SARDeployer] deployed classes for file:/home/cache/jboss-4.0.5.GA/server/cache/lib/jbosssx.jar
09:29:35,274 DEBUG [SARDeployer] deployed classes for file:/home/cache/jboss-4.0.5.GA/server/cache/lib/javassist.jar
09:29:35,274 DEBUG [SARDeployer] deployed classes for file:/home/cache/jboss-4.0.5.GA/server/cache/lib/jgroups.jar
09:29:35,274 DEBUG [SARDeployer] deployed classes for file:/home/cache/jboss-4.0.5.GA/server/cache/lib/jaxen.jar
09:29:35,274 DEBUG [SARDeployer] deployed classes for file:/home/cache/jboss-4.0.5.GA/server/cache/lib/jbossmq.jar
09:29:35,274 DEBUG [SARDeployer] deployed classes for file:/home/cache/jboss-4.0.5.GA/server/cache/lib/jboss-common-jdbc-wrapper.jar
09:29:35,274 DEBUG [SARDeployer] deployed classes for file:/home/cache/jboss-4.0.5.GA/server/cache/lib/hsqldb-plugin.jar
09:29:35,274 DEBUG [SARDeployer] deployed classes for file:/home/cache/jboss-4.0.5.GA/server/cache/lib/jboss-remoting.jar
09:29:35,274 DEBUG [SARDeployer] deployed classes for file:/home/cache/jboss-4.0.5.GA/server/cache/lib/joesnmp.jar
09:29:35,274 DEBUG [SARDeployer] deployed classes for file:/home/cache/jboss-4.0.5.GA/server/cache/lib/javax.servlet.jar
09:29:35,274 DEBUG [SARDeployer] deployed classes for file:/home/cache/jboss-4.0.5.GA/server/cache/lib/hibernate3.jar
09:29:35,275 DEBUG [SARDeployer] deployed classes for file:/home/cache/jboss-4.0.5.GA/server/cache/lib/jbossretro-rt.jar
09:29:35,275 DEBUG [SARDeployer] deployed classes for file:/home/cache/jboss-4.0.5.GA/server/cache/lib/jboss-jsr77.jar
09:29:35,275 DEBUG [SARDeployer] deployed classes for file:/home/cache/jboss-4.0.5.GA/server/cache/lib/jpl-util.jar
09:29:35,275 DEBUG [SARDeployer] deployed classes for file:/home/cache/jboss-4.0.5.GA/server/cache/lib/autonumber-plugin.jar
09:29:35,275 DEBUG [SARDeployer] deployed classes for file:/home/cache/jboss-4.0.5.GA/server/cache/lib/jboss-jca.jar
09:29:35,275 DEBUG [SARDeployer] deployed classes for file:/home/cache/jboss-4.0.5.GA/server/cache/lib/security.jar
09:29:35,275 DEBUG [SARDeployer] deployed classes for file:/home/cache/jboss-4.0.5.GA/server/cache/lib/jboss-saaj.jar
09:29:35,275 DEBUG [SARDeployer] deployed classes for file:/home/cache/jboss-4.0.5.GA/server/cache/lib/bsf.jar
09:29:35,275 DEBUG [SARDeployer] deployed classes for file:/home/cache/jboss-4.0.5.GA/server/cache/lib/jmx-adaptor-plugin.jar
09:29:35,275 DEBUG [SARDeployer] deployed classes for file:/home/cache/jboss-4.0.5.GA/server/cache/lib/scheduler-plugin.jar
09:29:35,275 DEBUG [SARDeployer] deployed classes for file:/home/cache/jboss-4.0.5.GA/server/cache/lib/mail-plugin.jar
09:29:35,275 DEBUG [SARDeployer] deployed classes for file:/home/cache/jboss-4.0.5.GA/server/cache/lib/bindingservice-plugin.jar
09:29:35,275 DEBUG [SARDeployer] deployed classes for file:/home/cache/jboss-4.0.5.GA/server/cache/lib/bcel.jar
09:29:35,275 DEBUG [SARDeployer] deployed classes for file:/home/cache/jboss-4.0.5.GA/server/cache/lib/jboss-serialization.jar
09:29:35,275 DEBUG [SARDeployer] deployed classes for file:/home/cache/jboss-4.0.5.GA/server/cache/lib/jboss-jaxrpc.jar
09:29:35,275 DEBUG [SARDeployer] deployed classes for file:/home/cache/jboss-4.0.5.GA/server/cache/lib/antlr-2.7.6.jar
09:29:35,275 DEBUG [SARDeployer] deployed classes for file:/home/cache/jboss-4.0.5.GA/server/cache/lib/jboss-management.jar
09:29:35,275 DEBUG [SARDeployer] deployed classes for file:/home/cache/jboss-4.0.5.GA/server/cache/lib/scheduler-plugin-example.jar
09:29:35,275 DEBUG [SARDeployer] deployed classes for file:/home/cache/jboss-4.0.5.GA/server/cache/lib/log4j-snmp-appender.jar
09:29:35,276 DEBUG [SARDeployer] about to copy 0 local directories
09:29:35,276 DEBUG [SARDeployer] looking for nested deployments in : file:/home/cache/jboss-4.0.5.GA/server/cache/conf/jboss-service.xml
09:29:35,279 DEBUG [DeploymentInfo] createLoaderRepository from config: LoaderRepositoryConfig(repositoryName: JMImplementation:service=LoaderRepository,name=Default, repositoryClassName: null, configParserClassName: null, repositoryConfig: null)
09:29:35,279 DEBUG [RepositoryClassLoader] setRepository, repository=org.jboss.mx.loading.UnifiedLoaderRepository3@1d65cd0, cl=org.jboss.mx.loading.UnifiedClassLoader3@4e2bf2{ url=null ,addedOrder=0}
09:29:35,279 DEBUG [RepositoryClassLoader] setRepository, repository=org.jboss.mx.loading.UnifiedLoaderRepository3@1d65cd0, cl=org.jboss.mx.loading.UnifiedClassLoader3@4e2bf2{ url=null ,addedOrder=0}
09:29:35,279 DEBUG [UnifiedLoaderRepository3] Adding org.jboss.mx.loading.UnifiedClassLoader3@4e2bf2{ url=null ,addedOrder=0}
09:29:35,291 DEBUG [RepositoryClassLoader] Added url: file:/home/cache/jboss-4.0.5.GA/server/cache/lib/jpl-pattern.jar, to ucl: org.jboss.mx.loading.UnifiedClassLoader3@4e2bf2{ url=null ,addedOrder=2}
09:29:35,315 DEBUG [RepositoryClassLoader] Added url: file:/home/cache/jboss-4.0.5.GA/server/cache/lib/wsdl4j.jar, to ucl: org.jboss.mx.loading.UnifiedClassLoader3@4e2bf2{ url=null ,addedOrder=2}
09:29:35,398 DEBUG [RepositoryClassLoader] Added url: file:/home/cache/jboss-4.0.5.GA/server/cache/lib/dom4j.jar, to ucl: org.jboss.mx.loading.UnifiedClassLoader3@4e2bf2{ url=null ,addedOrder=2}
09:29:35,431 DEBUG [RepositoryClassLoader] Added url: file:/home/cache/jboss-4.0.5.GA/server/cache/lib/jboss-transaction.jar, to ucl: org.jboss.mx.loading.UnifiedClassLoader3@4e2bf2{ url=null ,addedOrder=2}
09:29:35,444 DEBUG [RepositoryClassLoader] Added url: file:/home/cache/jboss-4.0.5.GA/server/cache/lib/activation.jar, to ucl: org.jboss.mx.loading.UnifiedClassLoader3@4e2bf2{ url=null ,addedOrder=2}
09:29:35,447 DEBUG [RepositoryClassLoader] Added url: file:/home/cache/jboss-4.0.5.GA/server/cache/lib/jboss-remoting-int.jar, to ucl: org.jboss.mx.loading.UnifiedClassLoader3@4e2bf2{ url=null ,addedOrder=2}
09:29:35,890 DEBUG [ClassLoaderUtils] Multiple class loaders found for pkg: 
09:29:35,890 DEBUG [RepositoryClassLoader] Added url: file:/home/cache/jboss-4.0.5.GA/server/cache/lib/jboss.jar, to ucl: org.jboss.mx.loading.UnifiedClassLoader3@4e2bf2{ url=null ,addedOrder=2}
09:29:35,896 DEBUG [RepositoryClassLoader] Added url: file:/home/cache/jboss-4.0.5.GA/server/cache/lib/jboss-hibernate.jar, to ucl: org.jboss.mx.loading.UnifiedClassLoader3@4e2bf2{ url=null ,addedOrder=2}
09:29:35,897 DEBUG [RepositoryClassLoader] Added url: file:/home/cache/jboss-4.0.5.GA/server/cache/lib/xmlentitymgr.jar, to ucl: org.jboss.mx.loading.UnifiedClassLoader3@4e2bf2{ url=null ,addedOrder=2}
09:29:35,963 DEBUG [RepositoryClassLoader] Added url: file:/home/cache/jboss-4.0.5.GA/server/cache/lib/cglib.jar, to ucl: org.jboss.mx.loading.UnifiedClassLoader3@4e2bf2{ url=null ,addedOrder=2}
09:29:36,114 DEBUG [RepositoryClassLoader] Added url: file:/home/cache/jboss-4.0.5.GA/server/cache/lib/shared.jar, to ucl: org.jboss.mx.loading.UnifiedClassLoader3@4e2bf2{ url=null ,addedOrder=2}
09:29:36,116 DEBUG [RepositoryClassLoader] Added url: file:/home/cache/jboss-4.0.5.GA/server/cache/lib/bsh-deployer.jar, to ucl: org.jboss.mx.loading.UnifiedClassLoader3@4e2bf2{ url=null ,addedOrder=2}
09:29:36,230 DEBUG [RepositoryClassLoader] Added url: file:/home/cache/jboss-4.0.5.GA/server/cache/lib/tcwebcommon.jar, to ucl: org.jboss.mx.loading.UnifiedClassLoader3@4e2bf2{ url=null ,addedOrder=2}
09:29:36,258 DEBUG [RepositoryClassLoader] Added url: file:/home/cache/jboss-4.0.5.GA/server/cache/lib/jnpserver.jar, to ucl: org.jboss.mx.loading.UnifiedClassLoader3@4e2bf2{ url=null ,addedOrder=2}
09:29:36,371 DEBUG [RepositoryClassLoader] Added url: file:/home/cache/jboss-4.0.5.GA/server/cache/lib/jboss-cache.jar, to ucl: org.jboss.mx.loading.UnifiedClassLoader3@4e2bf2{ url=null ,addedOrder=2}
09:29:36,416 DEBUG [RepositoryClassLoader] Added url: file:/home/cache/jboss-4.0.5.GA/server/cache/lib/jboss-monitoring.jar, to ucl: org.jboss.mx.loading.UnifiedClassLoader3@4e2bf2{ url=null ,addedOrder=2}
09:29:36,422 DEBUG [RepositoryClassLoader] Added url: file:/home/cache/jboss-4.0.5.GA/server/cache/lib/jboss-srp.jar, to ucl: org.jboss.mx.loading.UnifiedClassLoader3@4e2bf2{ url=null ,addedOrder=2}
09:29:36,492 DEBUG [RepositoryClassLoader] Added url: file:/home/cache/jboss-4.0.5.GA/server/cache/lib/jboss-j2ee.jar, to ucl: org.jboss.mx.loading.UnifiedClassLoader3@4e2bf2{ url=null ,addedOrder=2}
09:29:36,531 DEBUG [RepositoryClassLoader] Added url: file:/home/cache/jboss-4.0.5.GA/server/cache/lib/mail.jar, to ucl: org.jboss.mx.loading.UnifiedClassLoader3@4e2bf2{ url=null ,addedOrder=2}
09:29:36,574 DEBUG [RepositoryClassLoader] Added url: file:/home/cache/jboss-4.0.5.GA/server/cache/lib/bsh-1.3.0.jar, to ucl: org.jboss.mx.loading.UnifiedClassLoader3@4e2bf2{ url=null ,addedOrder=2}
09:29:36,666 DEBUG [RepositoryClassLoader] Added url: file:/home/cache/jboss-4.0.5.GA/server/cache/lib/commons-collections.jar, to ucl: org.jboss.mx.loading.UnifiedClassLoader3@4e2bf2{ url=null ,addedOrder=2}
09:29:36,672 DEBUG [RepositoryClassLoader] Added url: file:/home/cache/jboss-4.0.5.GA/server/cache/lib/jboss-jsr88.jar, to ucl: org.jboss.mx.loading.UnifiedClassLoader3@4e2bf2{ url=null ,addedOrder=2}
09:29:36,747 DEBUG [RepositoryClassLoader] Added url: file:/home/cache/jboss-4.0.5.GA/server/cache/lib/log4j.jar, to ucl: org.jboss.mx.loading.UnifiedClassLoader3@4e2bf2{ url=null ,addedOrder=2}
09:29:36,749 DEBUG [RepositoryClassLoader] Added url: file:/home/cache/jboss-4.0.5.GA/server/cache/lib/properties-plugin.jar, to ucl: org.jboss.mx.loading.UnifiedClassLoader3@4e2bf2{ url=null ,addedOrder=2}
09:29:36,754 DEBUG [RepositoryClassLoader] Added url: file:/home/cache/jboss-4.0.5.GA/server/cache/lib/commons-logging.jar, to ucl: org.jboss.mx.loading.UnifiedClassLoader3@4e2bf2{ url=null ,addedOrder=2}
09:29:36,764 DEBUG [RepositoryClassLoader] Added url: file:/home/cache/jboss-4.0.5.GA/server/cache/lib/javax.servlet.jsp.jar, to ucl: org.jboss.mx.loading.UnifiedClassLoader3@4e2bf2{ url=null ,addedOrder=2}
09:29:36,813 DEBUG [RepositoryClassLoader] Added url: file:/home/cache/jboss-4.0.5.GA/server/cache/lib/jboss-backport-concurrent.jar, to ucl: org.jboss.mx.loading.UnifiedClassLoader3@4e2bf2{ url=null ,addedOrder=2}
09:29:36,829 DEBUG [RepositoryClassLoader] Added url: file:/home/cache/jboss-4.0.5.GA/server/cache/lib/commons-httpclient.jar, to ucl: org.jboss.mx.loading.UnifiedClassLoader3@4e2bf2{ url=null ,addedOrder=2}
09:29:36,935 DEBUG [RepositoryClassLoader] Added url: file:/home/cache/jboss-4.0.5.GA/server/cache/lib/hsqldb.jar, to ucl: org.jboss.mx.loading.UnifiedClassLoader3@4e2bf2{ url=null ,addedOrder=2}
09:29:36,990 DEBUG [RepositoryClassLoader] Added url: file:/home/cache/jboss-4.0.5.GA/server/cache/lib/jbosssx.jar, to ucl: org.jboss.mx.loading.UnifiedClassLoader3@4e2bf2{ url=null ,addedOrder=2}
09:29:37,047 DEBUG [RepositoryClassLoader] Added url: file:/home/cache/jboss-4.0.5.GA/server/cache/lib/javassist.jar, to ucl: org.jboss.mx.loading.UnifiedClassLoader3@4e2bf2{ url=null ,addedOrder=2}
09:29:37,277 DEBUG [RepositoryClassLoader] Added url: file:/home/cache/jboss-4.0.5.GA/server/cache/lib/jgroups.jar, to ucl: org.jboss.mx.loading.UnifiedClassLoader3@4e2bf2{ url=null ,addedOrder=2}
09:29:37,297 DEBUG [RepositoryClassLoader] Added url: file:/home/cache/jboss-4.0.5.GA/server/cache/lib/jaxen.jar, to ucl: org.jboss.mx.loading.UnifiedClassLoader3@4e2bf2{ url=null ,addedOrder=2}
09:29:37,389 DEBUG [RepositoryClassLoader] Added url: file:/home/cache/jboss-4.0.5.GA/server/cache/lib/jbossmq.jar, to ucl: org.jboss.mx.loading.UnifiedClassLoader3@4e2bf2{ url=null ,addedOrder=2}
09:29:37,397 DEBUG [RepositoryClassLoader] Added url: file:/home/cache/jboss-4.0.5.GA/server/cache/lib/jboss-common-jdbc-wrapper.jar, to ucl: org.jboss.mx.loading.UnifiedClassLoader3@4e2bf2{ url=null ,addedOrder=2}
09:29:37,403 DEBUG [RepositoryClassLoader] Added url: file:/home/cache/jboss-4.0.5.GA/server/cache/lib/hsqldb-plugin.jar, to ucl: org.jboss.mx.loading.UnifiedClassLoader3@4e2bf2{ url=null ,addedOrder=2}
09:29:37,513 DEBUG [RepositoryClassLoader] Added url: file:/home/cache/jboss-4.0.5.GA/server/cache/lib/jboss-remoting.jar, to ucl: org.jboss.mx.loading.UnifiedClassLoader3@4e2bf2{ url=null ,addedOrder=2}
09:29:37,533 DEBUG [RepositoryClassLoader] Added url: file:/home/cache/jboss-4.0.5.GA/server/cache/lib/joesnmp.jar, to ucl: org.jboss.mx.loading.UnifiedClassLoader3@4e2bf2{ url=null ,addedOrder=2}
09:29:37,577 DEBUG [RepositoryClassLoader] Added url: file:/home/cache/jboss-4.0.5.GA/server/cache/lib/javax.servlet.jar, to ucl: org.jboss.mx.loading.UnifiedClassLoader3@4e2bf2{ url=null ,addedOrder=2}
09:29:38,077 DEBUG [RepositoryClassLoader] Added url: file:/home/cache/jboss-4.0.5.GA/server/cache/lib/hibernate3.jar, to ucl: org.jboss.mx.loading.UnifiedClassLoader3@4e2bf2{ url=null ,addedOrder=2}
09:29:38,314 DEBUG [RepositoryClassLoader] Added url: file:/home/cache/jboss-4.0.5.GA/server/cache/lib/jbossretro-rt.jar, to ucl: org.jboss.mx.loading.UnifiedClassLoader3@4e2bf2{ url=null ,addedOrder=2}
09:29:38,318 DEBUG [RepositoryClassLoader] Added url: file:/home/cache/jboss-4.0.5.GA/server/cache/lib/jboss-jsr77.jar, to ucl: org.jboss.mx.loading.UnifiedClassLoader3@4e2bf2{ url=null ,addedOrder=2}
09:29:38,319 DEBUG [RepositoryClassLoader] Added url: file:/home/cache/jboss-4.0.5.GA/server/cache/lib/jpl-util.jar, to ucl: org.jboss.mx.loading.UnifiedClassLoader3@4e2bf2{ url=null ,addedOrder=2}
09:29:38,345 DEBUG [RepositoryClassLoader] Added url: file:/home/cache/jboss-4.0.5.GA/server/cache/lib/autonumber-plugin.jar, to ucl: org.jboss.mx.loading.UnifiedClassLoader3@4e2bf2{ url=null ,addedOrder=2}
09:29:38,369 DEBUG [RepositoryClassLoader] Added url: file:/home/cache/jboss-4.0.5.GA/server/cache/lib/jboss-jca.jar, to ucl: org.jboss.mx.loading.UnifiedClassLoader3@4e2bf2{ url=null ,addedOrder=2}
09:29:38,382 DEBUG [RepositoryClassLoader] Added url: file:/home/cache/jboss-4.0.5.GA/server/cache/lib/security.jar, to ucl: org.jboss.mx.loading.UnifiedClassLoader3@4e2bf2{ url=null ,addedOrder=2}
09:29:38,417 DEBUG [RepositoryClassLoader] Added url: file:/home/cache/jboss-4.0.5.GA/server/cache/lib/jboss-saaj.jar, to ucl: org.jboss.mx.loading.UnifiedClassLoader3@4e2bf2{ url=null ,addedOrder=2}
09:29:38,437 DEBUG [RepositoryClassLoader] Added url: file:/home/cache/jboss-4.0.5.GA/server/cache/lib/bsf.jar, to ucl: org.jboss.mx.loading.UnifiedClassLoader3@4e2bf2{ url=null ,addedOrder=2}
09:29:38,439 DEBUG [RepositoryClassLoader] Added url: file:/home/cache/jboss-4.0.5.GA/server/cache/lib/jmx-adaptor-plugin.jar, to ucl: org.jboss.mx.loading.UnifiedClassLoader3@4e2bf2{ url=null ,addedOrder=2}
09:29:38,444 DEBUG [RepositoryClassLoader] Added url: file:/home/cache/jboss-4.0.5.GA/server/cache/lib/scheduler-plugin.jar, to ucl: org.jboss.mx.loading.UnifiedClassLoader3@4e2bf2{ url=null ,addedOrder=2}
09:29:38,446 DEBUG [RepositoryClassLoader] Added url: file:/home/cache/jboss-4.0.5.GA/server/cache/lib/mail-plugin.jar, to ucl: org.jboss.mx.loading.UnifiedClassLoader3@4e2bf2{ url=null ,addedOrder=2}
09:29:38,512 DEBUG [RepositoryClassLoader] Added url: file:/home/cache/jboss-4.0.5.GA/server/cache/lib/bindingservice-plugin.jar, to ucl: org.jboss.mx.loading.UnifiedClassLoader3@4e2bf2{ url=null ,addedOrder=2}
09:29:38,594 DEBUG [RepositoryClassLoader] Added url: file:/home/cache/jboss-4.0.5.GA/server/cache/lib/bcel.jar, to ucl: org.jboss.mx.loading.UnifiedClassLoader3@4e2bf2{ url=null ,addedOrder=2}
09:29:38,602 DEBUG [RepositoryClassLoader] Added url: file:/home/cache/jboss-4.0.5.GA/server/cache/lib/jboss-serialization.jar, to ucl: org.jboss.mx.loading.UnifiedClassLoader3@4e2bf2{ url=null ,addedOrder=2}
09:29:38,607 DEBUG [RepositoryClassLoader] Added url: file:/home/cache/jboss-4.0.5.GA/server/cache/lib/jboss-jaxrpc.jar, to ucl: org.jboss.mx.loading.UnifiedClassLoader3@4e2bf2{ url=null ,addedOrder=2}
09:29:38,682 DEBUG [RepositoryClassLoader] Added url: file:/home/cache/jboss-4.0.5.GA/server/cache/lib/antlr-2.7.6.jar, to ucl: org.jboss.mx.loading.UnifiedClassLoader3@4e2bf2{ url=null ,addedOrder=2}
09:29:38,693 DEBUG [RepositoryClassLoader] Added url: file:/home/cache/jboss-4.0.5.GA/server/cache/lib/jboss-management.jar, to ucl: org.jboss.mx.loading.UnifiedClassLoader3@4e2bf2{ url=null ,addedOrder=2}
09:29:38,700 DEBUG [RepositoryClassLoader] Added url: file:/home/cache/jboss-4.0.5.GA/server/cache/lib/scheduler-plugin-example.jar, to ucl: org.jboss.mx.loading.UnifiedClassLoader3@4e2bf2{ url=null ,addedOrder=2}
09:29:38,701 DEBUG [RepositoryClassLoader] Added url: file:/home/cache/jboss-4.0.5.GA/server/cache/lib/log4j-snmp-appender.jar, to ucl: org.jboss.mx.loading.UnifiedClassLoader3@4e2bf2{ url=null ,addedOrder=2}
09:29:38,702 DEBUG [MainDeployer] found 0 subpackages of file:/home/cache/jboss-4.0.5.GA/server/cache/conf/jboss-service.xml
09:29:38,709 DEBUG [MainDeployer] Watching new file: file:/home/cache/jboss-4.0.5.GA/server/cache/conf/jboss-service.xml
09:29:38,709 DEBUG [MainDeployer] create step for deployment file:/home/cache/jboss-4.0.5.GA/server/cache/conf/jboss-service.xml
09:29:38,710 DEBUG [SARDeployer] Deploying SAR, create step: url file:/home/cache/jboss-4.0.5.GA/server/cache/conf/jboss-service.xml
09:29:38,710 DEBUG [SARDeployer] Registering service UCL=jmx.loading:UCL=4e2bf2
09:29:38,713 DEBUG [ServiceCreator] About to create bean: jboss.management.local:j2eeType=J2EEDomain,name=Manager with code: org.jboss.management.j2ee.LocalJBossServerDomain
09:29:38,884 DEBUG [ServiceCreator] Created bean: jboss.management.local:j2eeType=J2EEDomain,name=Manager
09:29:38,887 DEBUG [ServiceConfigurator] MainDeployer set to jboss.system:service=MainDeployer in jboss.management.local:j2eeType=J2EEDomain,name=Manager
09:29:38,888 DEBUG [ServiceConfigurator] SARDeployer set to jboss.system:service=ServiceDeployer in jboss.management.local:j2eeType=J2EEDomain,name=Manager
09:29:38,889 DEBUG [ServiceConfigurator] EARDeployer set to jboss.j2ee:service=EARDeployer in jboss.management.local:j2eeType=J2EEDomain,name=Manager
09:29:38,890 DEBUG [ServiceConfigurator] EJBDeployer set to jboss.ejb:service=EJBDeployer in jboss.management.local:j2eeType=J2EEDomain,name=Manager
09:29:38,891 DEBUG [ServiceConfigurator] RARDeployer set to jboss.jca:service=RARDeployer in jboss.management.local:j2eeType=J2EEDomain,name=Manager
09:29:38,892 DEBUG [ServiceConfigurator] CMDeployer set to jboss.jca:service=ConnectionFactoryDeployer in jboss.management.local:j2eeType=J2EEDomain,name=Manager
09:29:38,943 DEBUG [ServiceConfigurator] WARDeployer set to jboss.web:service=WebServer in jboss.management.local:j2eeType=J2EEDomain,name=Manager
09:29:38,944 DEBUG [ServiceConfigurator] CARDeployer set to jboss.j2ee:service=ClientDeployer in jboss.management.local:j2eeType=J2EEDomain,name=Manager
09:29:38,944 DEBUG [ServiceConfigurator] MailService set to jboss:service=Mail in jboss.management.local:j2eeType=J2EEDomain,name=Manager
09:29:38,945 DEBUG [ServiceConfigurator] JMSService set to jboss.mq:service=DestinationManager in jboss.management.local:j2eeType=J2EEDomain,name=Manager
09:29:38,946 DEBUG [ServiceConfigurator] JNDIService set to jboss:service=Naming in jboss.management.local:j2eeType=J2EEDomain,name=Manager
09:29:38,947 DEBUG [ServiceConfigurator] JTAService set to jboss:service=TransactionManager in jboss.management.local:j2eeType=J2EEDomain,name=Manager
09:29:38,948 DEBUG [ServiceConfigurator] UserTransactionService set to jboss:service=ClientUserTransaction in jboss.management.local:j2eeType=J2EEDomain,name=Manager
09:29:38,948 DEBUG [ServiceConfigurator] RMI_IIOPService set to jboss:service=CorbaORB in jboss.management.local:j2eeType=J2EEDomain,name=Manager
09:29:38,949 DEBUG [ServiceCreator] About to create xmbean object: jboss:service=AttributePersistenceService with code: org.jboss.system.pm.AttributePersistenceService with descriptor: resource:xmdesc/AttributePersistenceService-xmbean.xml
09:29:39,156 DEBUG [ModelMBeanInvoker] Loaded persistence mgr: org.jboss.mx.persistence.ObjectStreamPersistenceManager
09:29:39,156 DEBUG [ObjectStreamPersistenceManager] load, resource:org.jboss.system.pm.AttributePersistenceService@137ab64
09:29:39,162 DEBUG [ObjectStreamPersistenceManager] Store file is: /home/cache/jboss-4.0.5.GA/server/cache/data/xmbean-attrs/AttributePersistenceService.ser
09:29:39,162 DEBUG [ServiceCreator] Created bean: jboss:service=AttributePersistenceService
09:29:39,163 DEBUG [ServiceCreator] About to create bean: jboss.system:service=ThreadPool with code: org.jboss.util.threadpool.BasicThreadPool
09:29:39,230 DEBUG [ServiceCreator] Created bean: jboss.system:service=ThreadPool
09:29:39,232 DEBUG [ServiceConfigurator] Name set to JBoss System Threads in jboss.system:service=ThreadPool
09:29:39,232 DEBUG [ServiceConfigurator] ThreadGroupName set to System Threads in jboss.system:service=ThreadPool
09:29:39,234 DEBUG [ServiceConfigurator] KeepAliveTime set to 60000 in jboss.system:service=ThreadPool
09:29:39,234 DEBUG [ServiceConfigurator] MaximumPoolSize set to 10 in jboss.system:service=ThreadPool
09:29:39,235 DEBUG [ServiceConfigurator] MaximumQueueSize set to 1000 in jboss.system:service=ThreadPool
09:29:39,236 DEBUG [ServiceConfigurator] BlockingMode set to run in jboss.system:service=ThreadPool
09:29:39,237 DEBUG [ServiceCreator] About to create xmbean object: jboss.system:type=Log4jService,service=Logging with code: org.jboss.logging.Log4jService with descriptor: resource:xmdesc/Log4jService-xmbean.xml
09:29:39,488 DEBUG [ServiceCreator] Created bean: jboss.system:type=Log4jService,service=Logging
09:29:39,490 DEBUG [ServiceConfigurator] ConfigurationURL set to resource:log4j.xml in jboss.system:type=Log4jService,service=Logging
09:29:39,490 DEBUG [ServiceConfigurator] Log4jQuietMode set to true in jboss.system:type=Log4jService,service=Logging
09:29:39,491 DEBUG [ServiceConfigurator] RefreshPeriod set to 60 in jboss.system:type=Log4jService,service=Logging
09:29:39,491 DEBUG [ServiceCreator] About to create bean: jboss.rmi:type=RMIClassLoader with code: org.jboss.util.property.jmx.SystemPropertyClassValue
09:29:39,495 DEBUG [ServiceCreator] Created bean: jboss.rmi:type=RMIClassLoader
09:29:39,495 DEBUG [ServiceConfigurator] Property set to java.rmi.server.RMIClassLoaderSpi in jboss.rmi:type=RMIClassLoader
09:29:39,496 DEBUG [ServiceConfigurator] ClassName set to org.jboss.system.JBossRMIClassLoader in jboss.rmi:type=RMIClassLoader
09:29:39,496 DEBUG [ServiceCreator] About to create bean: jboss.system:service=ServiceBindingManager with code: org.jboss.services.binding.ServiceBindingManager
09:29:39,552 DEBUG [ServiceBindingManager] Registering with ServiceController: jboss.system:service=ServiceController
09:29:39,567 DEBUG [ServiceCreator] Created bean: jboss.system:service=ServiceBindingManager
09:29:39,567 DEBUG [ServiceConfigurator] ServerName set to ports-11 in jboss.system:service=ServiceBindingManager
09:29:39,605 DEBUG [ServiceConfigurator] StoreURL set to file:/home/cache/jboss-4.0.5.GA/docs/examples/binding-manager/sample-bindings.xml in jboss.system:service=ServiceBindingManager
09:29:39,606 DEBUG [ServiceConfigurator] StoreFactoryClassName set to org.jboss.services.binding.XMLServicesStoreFactory in jboss.system:service=ServiceBindingManager
09:29:39,606 INFO  [ServiceBindingManager] Initializing store
09:29:39,606 INFO  [ServiceBindingManager] Using StoreURL: file:/home/cache/jboss-4.0.5.GA/docs/examples/binding-manager/sample-bindings.xml
09:29:39,711 DEBUG [XMLServicesStore] parseBinding, name='', host='0.0.0.0', port='1099'
09:29:39,713 DEBUG [XMLServicesStore] parseBinding, name='', host='null', port='8083'
09:29:39,713 DEBUG [XMLServicesStore] parseBinding, name='', host='null', port='4444'
09:29:39,713 DEBUG [XMLServicesStore] parseBinding, name='', host='null', port='4445'
09:29:39,714 DEBUG [XMLServicesStore] parseBinding, name='', host='0.0.0.0', port='1100'
09:29:39,714 DEBUG [XMLServicesStore] parseBinding, name='', host='null', port='4444'
09:29:39,714 DEBUG [XMLServicesStore] parseBinding, name='', host='null', port='4446'
09:29:39,714 DEBUG [XMLServicesStore] parseBinding, name='', host='null', port='3528'
09:29:39,714 DEBUG [XMLServicesStore] parseBinding, name='', host='null', port='19001'
09:29:39,714 DEBUG [XMLServicesStore] parseBinding, name='', host='null', port='1162'
09:29:39,714 DEBUG [XMLServicesStore] parseBinding, name='', host='null', port='1161'
09:29:39,715 DEBUG [XMLServicesStore] parseBinding, name='', host='null', port='8093'
09:29:39,715 DEBUG [XMLServicesStore] parseBinding, name='', host='null', port='8080'
09:29:39,715 DEBUG [XMLServicesStore] parseBinding, name='', host='null', port='1100'
09:29:39,715 DEBUG [XMLServicesStore] parseBinding, name='', host='null', port='8080'
09:29:39,715 DEBUG [XMLServicesStore] parseBinding, name='', host='null', port='3873'
09:29:39,715 DEBUG [XMLServicesStore] parseBinding, name='', host='null', port='8080'
09:29:39,716 DEBUG [XMLServicesStore] parseBinding, name='', host='null', port='8080'
09:29:39,716 DEBUG [XMLServicesStore] parseBinding, name='', host='null', port='8080'
09:29:39,716 DEBUG [XMLServicesStore] parseBinding, name='', host='null', port='8080'
09:29:39,723 DEBUG [XMLServicesStore] parseBinding, name='', host='0.0.0.0', port='8080'
09:29:39,723 DEBUG [XMLServicesStore] parseBinding, name='', host='null', port='8080'
09:29:39,724 DEBUG [XMLServicesStore] parseBinding, name='', host='null', port='4457'
09:29:39,724 DEBUG [XMLServicesStore] parseBinding, name='', host='null', port='3973'
09:29:39,724 DEBUG [XMLServicesStore] parseBinding, name='', host='0.0.0.0', port='1199'
09:29:39,724 DEBUG [XMLServicesStore] parseBinding, name='', host='null', port='8183'
09:29:39,725 DEBUG [XMLServicesStore] parseBinding, name='', host='null', port='4544'
09:29:39,725 DEBUG [XMLServicesStore] parseBinding, name='', host='null', port='4545'
09:29:39,725 DEBUG [XMLServicesStore] parseBinding, name='', host='0.0.0.0', port='1200'
09:29:39,725 DEBUG [XMLServicesStore] parseBinding, name='', host='null', port='4544'
09:29:39,761 DEBUG [XMLServicesStore] parseBinding, name='', host='null', port='4546'
09:29:39,761 DEBUG [XMLServicesStore] parseBinding, name='', host='null', port='3628'
09:29:39,762 DEBUG [XMLServicesStore] parseBinding, name='', host='null', port='19101'
09:29:39,762 DEBUG [XMLServicesStore] parseBinding, name='', host='null', port='1262'
09:29:39,762 DEBUG [XMLServicesStore] parseBinding, name='', host='null', port='1261'
09:29:39,762 DEBUG [XMLServicesStore] parseBinding, name='', host='null', port='8193'
09:29:39,762 DEBUG [XMLServicesStore] parseBinding, name='', host='null', port='8180'
09:29:39,762 DEBUG [XMLServicesStore] parseBinding, name='', host='null', port='1200'
09:29:39,763 DEBUG [XMLServicesStore] parseBinding, name='', host='null', port='8180'
09:29:39,763 DEBUG [XMLServicesStore] parseBinding, name='', host='null', port='8180'
09:29:39,763 DEBUG [XMLServicesStore] parseBinding, name='', host='null', port='8180'
09:29:39,763 DEBUG [XMLServicesStore] parseBinding, name='', host='null', port='8180'
09:29:39,763 DEBUG [XMLServicesStore] parseBinding, name='', host='null', port='8180'
09:29:39,763 DEBUG [XMLServicesStore] parseBinding, name='', host='0.0.0.0', port='8180'
09:29:39,764 DEBUG [XMLServicesStore] parseBinding, name='', host='null', port='8180'
09:29:39,764 DEBUG [XMLServicesStore] parseBinding, name='', host='null', port='4557'
09:29:39,764 DEBUG [XMLServicesStore] parseBinding, name='', host='null', port='4073'
09:29:39,764 DEBUG [XMLServicesStore] parseBinding, name='', host='0.0.0.0', port='1299'
09:29:39,764 DEBUG [XMLServicesStore] parseBinding, name='', host='null', port='8283'
09:29:39,765 DEBUG [XMLServicesStore] parseBinding, name='', host='null', port='4644'
09:29:39,765 DEBUG [XMLServicesStore] parseBinding, name='', host='null', port='4645'
09:29:39,765 DEBUG [XMLServicesStore] parseBinding, name='', host='0.0.0.0', port='1300'
09:29:39,765 DEBUG [XMLServicesStore] parseBinding, name='', host='null', port='4644'
09:29:39,765 DEBUG [XMLServicesStore] parseBinding, name='', host='null', port='4646'
09:29:39,765 DEBUG [XMLServicesStore] parseBinding, name='', host='null', port='3728'
09:29:39,765 DEBUG [XMLServicesStore] parseBinding, name='', host='null', port='19201'
09:29:39,766 DEBUG [XMLServicesStore] parseBinding, name='', host='null', port='1362'
09:29:39,766 DEBUG [XMLServicesStore] parseBinding, name='', host='null', port='1361'
09:29:39,766 DEBUG [XMLServicesStore] parseBinding, name='', host='null', port='8293'
09:29:39,766 DEBUG [XMLServicesStore] parseBinding, name='', host='null', port='8280'
09:29:39,766 DEBUG [XMLServicesStore] parseBinding, name='', host='null', port='1300'
09:29:39,766 DEBUG [XMLServicesStore] parseBinding, name='', host='null', port='8280'
09:29:39,766 DEBUG [XMLServicesStore] parseBinding, name='', host='null', port='8280'
09:29:39,767 DEBUG [XMLServicesStore] parseBinding, name='', host='null', port='8280'
09:29:39,767 DEBUG [XMLServicesStore] parseBinding, name='', host='null', port='8280'
09:29:39,767 DEBUG [XMLServicesStore] parseBinding, name='', host='null', port='8280'
09:29:39,767 DEBUG [XMLServicesStore] parseBinding, name='', host='0.0.0.0', port='8280'
09:29:39,767 DEBUG [XMLServicesStore] parseBinding, name='', host='null', port='8280'
09:29:39,767 DEBUG [XMLServicesStore] parseBinding, name='', host='null', port='4657'
09:29:39,768 DEBUG [XMLServicesStore] parseBinding, name='', host='0.0.0.0', port='2199'
09:29:39,768 DEBUG [XMLServicesStore] parseBinding, name='', host='null', port='9183'
09:29:39,768 DEBUG [XMLServicesStore] parseBinding, name='', host='null', port='5544'
09:29:39,768 DEBUG [XMLServicesStore] parseBinding, name='', host='null', port='5545'
09:29:39,768 DEBUG [XMLServicesStore] parseBinding, name='', host='0.0.0.0', port='2200'
09:29:39,768 DEBUG [XMLServicesStore] parseBinding, name='', host='null', port='5544'
09:29:39,769 DEBUG [XMLServicesStore] parseBinding, name='', host='null', port='5546'
09:29:39,769 DEBUG [XMLServicesStore] parseBinding, name='', host='null', port='4628'
09:29:39,769 DEBUG [XMLServicesStore] parseBinding, name='', host='null', port='27301'
09:29:39,769 DEBUG [XMLServicesStore] parseBinding, name='', host='null', port='2262'
09:29:39,769 DEBUG [XMLServicesStore] parseBinding, name='', host='null', port='2261'
09:29:39,769 DEBUG [XMLServicesStore] parseBinding, name='', host='null', port='9193'
09:29:39,769 DEBUG [XMLServicesStore] parseBinding, name='', host='null', port='9180'
09:29:39,770 DEBUG [XMLServicesStore] parseBinding, name='', host='null', port='2200'
09:29:39,770 DEBUG [XMLServicesStore] parseBinding, name='', host='null', port='9180'
09:29:39,770 DEBUG [XMLServicesStore] parseBinding, name='', host='null', port='9180'
09:29:39,770 DEBUG [XMLServicesStore] parseBinding, name='', host='null', port='9180'
09:29:39,770 DEBUG [XMLServicesStore] parseBinding, name='', host='null', port='9180'
09:29:39,770 DEBUG [XMLServicesStore] parseBinding, name='', host='null', port='9180'
09:29:39,770 DEBUG [XMLServicesStore] parseBinding, name='', host='0.0.0.0', port='9180'
09:29:39,771 DEBUG [XMLServicesStore] parseBinding, name='', host='null', port='9180'
09:29:39,771 DEBUG [XMLServicesStore] parseBinding, name='', host='null', port='5557'
09:29:39,771 DEBUG [ServiceCreator] About to create bean: jboss:service=WebService with code: org.jboss.web.WebService
09:29:39,804 DEBUG [ServiceCreator] Created bean: jboss:service=WebService
09:29:39,805 DEBUG [ServiceConfigurator] Port set to 8083 in jboss:service=WebService
09:29:39,805 DEBUG [ServiceConfigurator] DownloadServerClasses set to true in jboss:service=WebService
09:29:39,851 DEBUG [ServiceConfigurator] DownloadResources set to false in jboss:service=WebService
09:29:39,852 DEBUG [ServiceConfigurator] Host set to 0.0.0.0 in jboss:service=WebService
09:29:39,853 DEBUG [ServiceConfigurator] BindAddress set to 0.0.0.0 in jboss:service=WebService
09:29:39,853 DEBUG [ServiceController] recording that jboss:service=WebService depends on jboss.system:service=ThreadPool
09:29:39,853 DEBUG [ServiceConfigurator] considering ThreadPool with object name jboss.system:service=ThreadPool
09:29:39,992 DEBUG [ServiceBindingManager] applyServiceConfig, server:ports-11, serviceName:jboss:service=WebService, config=ServiceConfig(name=jboss:service=WebService), bindings=
ServiceBinding [name=;hostName=<ANY>;bindAddress=localhost/127.0.0.1;port=9183]
09:29:39,995 DEBUG [AttributeMappingDelegate] setPort, name='Port' value=9183
09:29:39,996 DEBUG [ServiceCreator] About to create xmbean object: jboss:service=Naming with code: org.jboss.naming.NamingService with descriptor: resource:xmdesc/NamingService-xmbean.xml
09:29:40,097 DEBUG [ModelMBeanInvoker] Ignoring obsolete legacy interceptor: org.jboss.mx.interceptor.PersistenceInterceptor2
09:29:40,097 DEBUG [ModelMBeanInvoker] Ignoring obsolete legacy interceptor: org.jboss.mx.interceptor.ModelMBeanInterceptor
09:29:40,097 DEBUG [ModelMBeanInvoker] Ignoring obsolete legacy interceptor: org.jboss.mx.interceptor.ObjectReferenceInterceptor
09:29:40,099 DEBUG [ServiceCreator] Created bean: jboss:service=Naming
09:29:40,099 DEBUG [ServiceConfigurator] CallByValue set to false in jboss:service=Naming
09:29:40,100 DEBUG [ServiceConfigurator] Port set to 1099 in jboss:service=Naming
09:29:40,101 DEBUG [ServiceConfigurator] BindAddress set to 0.0.0.0 in jboss:service=Naming
09:29:40,101 DEBUG [ServiceConfigurator] RmiPort set to 1098 in jboss:service=Naming
09:29:40,102 DEBUG [ServiceConfigurator] RmiBindAddress set to 0.0.0.0 in jboss:service=Naming
09:29:40,103 DEBUG [ServiceController] recording that jboss:service=Naming depends on jboss.system:service=ThreadPool
09:29:40,103 DEBUG [ServiceConfigurator] considering LookupPool with object name jboss.system:service=ThreadPool
09:29:40,135 DEBUG [ServiceBindingManager] applyServiceConfig, server:ports-11, serviceName:jboss:service=Naming, config=ServiceConfig(name=jboss:service=Naming), bindings=
ServiceBinding [name=;hostName=0.0.0.0;bindAddress=/0.0.0.0;port=2199]
09:29:40,135 DEBUG [AttributeMappingDelegate] setPort, name='Port' value=2199
09:29:40,140 DEBUG [AttributeMappingDelegate] setAttribute, name='BindAddress', text=0.0.0.0, value=0.0.0.0
09:29:40,140 DEBUG [AttributeMappingDelegate] setHost, name='BindAddress' value=0.0.0.0
09:29:40,144 DEBUG [AttributeMappingDelegate] setAttribute, name='RmiPort', text=2198, value=2198
09:29:40,144 DEBUG [ServiceCreator] About to create xmbean object: jboss:service=JNDIView with code: org.jboss.naming.JNDIView with descriptor: resource:xmdesc/JNDIView-xmbean.xml
09:29:40,164 DEBUG [ServiceCreator] Created bean: jboss:service=JNDIView
09:29:40,164 DEBUG [ServiceConfigurator] HANamingService set to jboss:service=HAJNDI in jboss:service=JNDIView
09:29:40,165 DEBUG [ServiceCreator] About to create bean: jboss.security:service=SecurityConfig with code: org.jboss.security.plugins.SecurityConfig
09:29:40,209 DEBUG [ServiceCreator] Created bean: jboss.security:service=SecurityConfig
09:29:40,209 DEBUG [ServiceConfigurator] LoginConfig set to jboss.security:service=XMLLoginConfig in jboss.security:service=SecurityConfig
09:29:40,210 DEBUG [ServiceCreator] About to create bean: jboss.security:service=XMLLoginConfig with code: org.jboss.security.auth.login.XMLLoginConfig
09:29:40,225 DEBUG [ServiceCreator] Created bean: jboss.security:service=XMLLoginConfig
09:29:40,225 DEBUG [ServiceConfigurator] ConfigResource set to login-config.xml in jboss.security:service=XMLLoginConfig
09:29:40,226 DEBUG [ServiceCreator] About to create bean: jboss.security:service=JaasSecurityManager with code: org.jboss.security.plugins.JaasSecurityManagerService
09:29:40,315 DEBUG [ServiceCreator] Created bean: jboss.security:service=JaasSecurityManager
09:29:40,315 DEBUG [ServiceConfigurator] ServerMode set to true in jboss.security:service=JaasSecurityManager
09:29:40,315 DEBUG [ServiceConfigurator] SecurityManagerClassName set to org.jboss.security.plugins.JaasSecurityManager in jboss.security:service=JaasSecurityManager
09:29:40,317 DEBUG [ServiceConfigurator] DefaultUnauthenticatedPrincipal set to anonymous in jboss.security:service=JaasSecurityManager
09:29:40,318 DEBUG [ServiceConfigurator] DefaultCacheTimeout set to 1800 in jboss.security:service=JaasSecurityManager
09:29:40,318 DEBUG [ServiceConfigurator] DefaultCacheResolution set to 60 in jboss.security:service=JaasSecurityManager
09:29:40,318 DEBUG [ServiceCreator] About to create bean: jboss:service=XidFactory with code: org.jboss.tm.XidFactory
09:29:40,372 DEBUG [ServiceCreator] Created bean: jboss:service=XidFactory
09:29:40,372 DEBUG [ServiceCreator] About to create xmbean object: jboss:service=TransactionManager with code: org.jboss.tm.TransactionManagerService with descriptor: resource:xmdesc/TransactionManagerService-xmbean.xml
09:29:40,511 DEBUG [ServiceCreator] Created bean: jboss:service=TransactionManager
09:29:40,511 DEBUG [ServiceConfigurator] TransactionTimeout set to 300 in jboss:service=TransactionManager
09:29:40,512 DEBUG [ServiceConfigurator] GlobalIdsEnabled set to true in jboss:service=TransactionManager
09:29:40,512 DEBUG [ServiceController] recording that jboss:service=TransactionManager depends on jboss:service=XidFactory
09:29:40,512 DEBUG [ServiceConfigurator] considering XidFactory with object name jboss:service=XidFactory
09:29:40,513 DEBUG [ServiceCreator] About to create xmbean object: jboss:service=ClientUserTransaction with code: org.jboss.tm.usertx.server.ClientUserTransactionService with descriptor: resource:xmdesc/ClientUserTransaction-xmbean.xml
09:29:40,527 DEBUG [ServiceCreator] Created bean: jboss:service=ClientUserTransaction
09:29:40,527 DEBUG [ServiceCreator] About to create bean: jboss:service=proxyFactory,target=ClientUserTransactionFactory with code: org.jboss.invocation.jrmp.server.JRMPProxyFactory
09:29:40,661 DEBUG [ServiceCreator] Created bean: jboss:service=proxyFactory,target=ClientUserTransactionFactory
09:29:40,661 DEBUG [ServiceConfigurator] InvokerName set to jboss:service=invoker,type=jrmp in jboss:service=proxyFactory,target=ClientUserTransactionFactory
09:29:40,663 DEBUG [ServiceConfigurator] TargetName set to jboss:service=ClientUserTransaction in jboss:service=proxyFactory,target=ClientUserTransactionFactory
09:29:40,664 DEBUG [ServiceConfigurator] JndiName set to UserTransactionSessionFactory in jboss:service=proxyFactory,target=ClientUserTransactionFactory
09:29:40,666 DEBUG [ServiceConfigurator] ExportedInterface set to interface org.jboss.tm.usertx.interfaces.UserTransactionSessionFactory in jboss:service=proxyFactory,target=ClientUserTransactionFactory
09:29:40,672 DEBUG [ServiceConfigurator] ClientInterceptors set to [interceptors: null] in jboss:service=proxyFactory,target=ClientUserTransactionFactory
09:29:40,673 DEBUG [JRMPProxyFactory] added interceptor type: class org.jboss.proxy.ClientMethodInterceptor
09:29:40,673 DEBUG [JRMPProxyFactory] added interceptor type: class org.jboss.invocation.InvokerInterceptor
09:29:40,673 DEBUG [ServiceController] recording that jboss:service=proxyFactory,target=ClientUserTransactionFactory depends on jboss:service=invoker,type=jrmp
09:29:40,673 DEBUG [ServiceConfigurator] considering <anonymous> with object name jboss:service=invoker,type=jrmp
09:29:40,673 DEBUG [ServiceController] recording that jboss:service=ClientUserTransaction depends on jboss:service=proxyFactory,target=ClientUserTransactionFactory
09:29:40,673 DEBUG [ServiceConfigurator] considering <anonymous> with object name jboss:service=proxyFactory,target=ClientUserTransactionFactory
09:29:40,673 DEBUG [ServiceCreator] About to create bean: jboss:service=proxyFactory,target=ClientUserTransaction with code: org.jboss.invocation.jrmp.server.JRMPProxyFactory
09:29:40,708 DEBUG [ServiceCreator] Created bean: jboss:service=proxyFactory,target=ClientUserTransaction
09:29:40,709 DEBUG [ServiceConfigurator] InvokerName set to jboss:service=invoker,type=jrmp in jboss:service=proxyFactory,target=ClientUserTransaction
09:29:40,710 DEBUG [ServiceConfigurator] TargetName set to jboss:service=ClientUserTransaction in jboss:service=proxyFactory,target=ClientUserTransaction
09:29:40,711 DEBUG [ServiceConfigurator] ExportedInterface set to interface org.jboss.tm.usertx.interfaces.UserTransactionSession in jboss:service=proxyFactory,target=ClientUserTransaction
09:29:40,713 DEBUG [ServiceConfigurator] ClientInterceptors set to [interceptors: null] in jboss:service=proxyFactory,target=ClientUserTransaction
09:29:40,713 DEBUG [JRMPProxyFactory] added interceptor type: class org.jboss.proxy.ClientMethodInterceptor
09:29:40,713 DEBUG [JRMPProxyFactory] added interceptor type: class org.jboss.invocation.InvokerInterceptor
09:29:40,713 DEBUG [ServiceController] recording that jboss:service=proxyFactory,target=ClientUserTransaction depends on jboss:service=invoker,type=jrmp
09:29:40,713 DEBUG [ServiceConfigurator] considering <anonymous> with object name jboss:service=invoker,type=jrmp
09:29:40,714 DEBUG [ServiceController] recording that jboss:service=ClientUserTransaction depends on jboss:service=proxyFactory,target=ClientUserTransaction
09:29:40,714 DEBUG [ServiceConfigurator] considering TxProxyName with object name jboss:service=proxyFactory,target=ClientUserTransaction
09:29:40,714 DEBUG [ServiceCreator] About to create bean: jboss:service=invoker,type=jrmp with code: org.jboss.invocation.jrmp.server.JRMPInvoker
09:29:40,811 DEBUG [ServiceCreator] Created bean: jboss:service=invoker,type=jrmp
09:29:40,811 DEBUG [ServiceConfigurator] RMIObjectPort set to 4444 in jboss:service=invoker,type=jrmp
09:29:40,811 DEBUG [ServiceConfigurator] ServerAddress set to 0.0.0.0 in jboss:service=invoker,type=jrmp
09:29:40,812 DEBUG [ServiceController] recording that jboss:service=invoker,type=jrmp depends on jboss:service=TransactionManager
09:29:40,812 DEBUG [ServiceConfigurator] considering <anonymous> with object name jboss:service=TransactionManager
09:29:40,812 DEBUG [ServiceBindingManager] applyServiceConfig, server:ports-11, serviceName:jboss:service=invoker,type=jrmp, config=ServiceConfig(name=jboss:service=invoker,type=jrmp), bindings=
ServiceBinding [name=;hostName=<ANY>;bindAddress=localhost/127.0.0.1;port=5544]
09:29:40,812 DEBUG [AttributeMappingDelegate] setPort, name='RMIObjectPort' value=5544
09:29:40,812 DEBUG [ServiceCreator] About to create bean: jboss:service=invoker,type=local with code: org.jboss.invocation.local.LocalInvoker
09:29:40,817 DEBUG [ServiceCreator] Created bean: jboss:service=invoker,type=local
09:29:40,818 DEBUG [ServiceController] recording that jboss:service=invoker,type=local depends on jboss:service=TransactionManager
09:29:40,818 DEBUG [ServiceConfigurator] considering <anonymous> with object name jboss:service=TransactionManager
09:29:40,818 DEBUG [ServiceCreator] About to create bean: jboss:service=invoker,type=pooled with code: org.jboss.invocation.pooled.server.PooledInvoker
09:29:40,841 DEBUG [ServiceCreator] Created bean: jboss:service=invoker,type=pooled
09:29:40,841 DEBUG [ServiceConfigurator] NumAcceptThreads set to 1 in jboss:service=invoker,type=pooled
09:29:40,841 DEBUG [ServiceConfigurator] MaxPoolSize set to 300 in jboss:service=invoker,type=pooled
09:29:40,866 DEBUG [ServiceConfigurator] ClientMaxPoolSize set to 300 in jboss:service=invoker,type=pooled
09:29:40,867 DEBUG [ServiceConfigurator] SocketTimeout set to 60000 in jboss:service=invoker,type=pooled
09:29:40,867 DEBUG [ServiceConfigurator] ServerBindAddress set to 0.0.0.0 in jboss:service=invoker,type=pooled
09:29:40,869 DEBUG [ServiceConfigurator] ServerBindPort set to 4445 in jboss:service=invoker,type=pooled
09:29:40,869 DEBUG [ServiceConfigurator] ClientConnectAddress set to 0.0.0.0 in jboss:service=invoker,type=pooled
09:29:40,869 DEBUG [ServiceConfigurator] ClientConnectPort set to 0 in jboss:service=invoker,type=pooled
09:29:40,870 DEBUG [ServiceConfigurator] ClientRetryCount set to 1 in jboss:service=invoker,type=pooled
09:29:40,870 DEBUG [ServiceConfigurator] EnableTcpNoDelay set to false in jboss:service=invoker,type=pooled
09:29:40,870 DEBUG [ServiceController] recording that jboss:service=invoker,type=pooled depends on jboss:service=TransactionManager
09:29:40,871 DEBUG [ServiceConfigurator] considering TransactionManagerService with object name jboss:service=TransactionManager
09:29:40,871 DEBUG [ServiceBindingManager] applyServiceConfig, server:ports-11, serviceName:jboss:service=invoker,type=pooled, config=ServiceConfig(name=jboss:service=invoker,type=pooled), bindings=
ServiceBinding [name=;hostName=<ANY>;bindAddress=localhost/127.0.0.1;port=5545]
09:29:40,871 DEBUG [AttributeMappingDelegate] setPort, name='ServerBindPort' value=5545
09:29:40,871 DEBUG [ServiceCreator] About to create bean: jboss.jdbc:service=metadata with code: org.jboss.ejb.plugins.cmp.jdbc.metadata.MetaDataLibrary
09:29:40,877 DEBUG [ServiceCreator] Created bean: jboss.jdbc:service=metadata
09:29:40,878 DEBUG [ServiceCreator] About to create bean: jboss.deployment:type=DeploymentScanner,flavor=URL with code: org.jboss.deployment.scanner.URLDeploymentScanner
09:29:40,915 DEBUG [ServiceCreator] Created bean: jboss.deployment:type=DeploymentScanner,flavor=URL
09:29:40,915 DEBUG [ServiceController] recording that jboss.deployment:type=DeploymentScanner,flavor=URL depends on jboss.system:service=MainDeployer
09:29:40,915 DEBUG [ServiceConfigurator] considering Deployer with object name jboss.system:service=MainDeployer
09:29:40,933 DEBUG [ServiceConfigurator] URLComparator set to org.jboss.deployment.DeploymentSorter in jboss.deployment:type=DeploymentScanner,flavor=URL
09:29:40,968 DEBUG [ServiceConfigurator] FilterInstance set to org.jboss.deployment.scanner.DeploymentFilter@157dbbd in jboss.deployment:type=DeploymentScanner,flavor=URL
09:29:40,969 DEBUG [ServiceConfigurator] ScanPeriod set to 5000 in jboss.deployment:type=DeploymentScanner,flavor=URL
09:29:40,969 DEBUG [ServiceConfigurator] ScanEnabled set to true in jboss.deployment:type=DeploymentScanner,flavor=URL
09:29:40,969 DEBUG [ServiceConfigurator] URLs set to deploy/ in jboss.deployment:type=DeploymentScanner,flavor=URL
09:29:40,970 DEBUG [URLDeploymentScanner] Adding URL from spec: deploy/
09:29:40,970 DEBUG [URLDeploymentScanner] URL: file:/home/cache/jboss-4.0.5.GA/server/cache/deploy/
09:29:40,970 DEBUG [URLDeploymentScanner] Added url: file:/home/cache/jboss-4.0.5.GA/server/cache/deploy/
09:29:40,970 DEBUG [URLDeploymentScanner] URL list: [file:/home/cache/jboss-4.0.5.GA/server/cache/deploy/]
09:29:40,970 DEBUG [ServiceConfigurator] RecursiveSearch set to true in jboss.deployment:type=DeploymentScanner,flavor=URL
09:29:40,971 DEBUG [ServiceController] Creating service jboss.management.local:j2eeType=J2EEDomain,name=Manager
09:29:40,971 DEBUG [LocalJBossServerDomain] Creating jboss.management.local:j2eeType=J2EEDomain,name=Manager
09:29:40,971 DEBUG [LocalJBossServerDomain] setupJ2EEMBeans(), create J2EEServer instance
09:29:40,979 DEBUG [J2EEDomain] ctor, name: jboss.management.local:name=jboss.management.local,j2eeType=J2EEDomain
09:29:40,984 DEBUG [J2EEDomain] postRegister(), parent: null
09:29:40,990 DEBUG [J2EEServer] postRegister(), parent: jboss.management.local:j2eeType=J2EEDomain,name=jboss.management.local
09:29:41,071 DEBUG [JVM] postRegister(), parent: jboss.management.local:j2eeType=J2EEServer,name=Local
09:29:41,126 DEBUG [LocalJBossServerDomain] Registered as listener of: jboss.system:service=ServiceController
09:29:41,168 DEBUG [LocalJBossServerDomain] Registering with all deployers, mainDeployer=jboss.system:service=MainDeployer
09:29:41,168 DEBUG [LocalJBossServerDomain] Getting current deployers
09:29:41,168 DEBUG [LocalJBossServerDomain] Registering as listener of deployer: jboss.system:service=ServiceDeployer
09:29:41,169 DEBUG [LocalJBossServerDomain] Registering as listener of deployer: jboss.system:service=JARDeployer
09:29:41,169 DEBUG [LocalJBossServerDomain] Created jboss.management.local:j2eeType=J2EEDomain,name=Manager
09:29:41,169 DEBUG [LocalJBossServerDomain] handleNotification: javax.management.Notification[source=jboss.system:service=ServiceController][type=org.jboss.system.ServiceMBean.create][message=]
09:29:41,169 DEBUG [DefaultManagedObjectFactoryMap] Failed to find factory for event: javax.management.Notification[source=jboss.system:service=ServiceController][type=org.jboss.system.ServiceMBean.create][message=]
09:29:41,169 DEBUG [ServiceController] Creating dependent components for: jboss.management.local:j2eeType=J2EEDomain,name=Manager dependents are: []
09:29:41,169 DEBUG [ServiceController] Creating service jboss:service=AttributePersistenceService
09:29:41,169 DEBUG [AttributePersistenceService] Creating jboss:service=AttributePersistenceService
09:29:41,170 DEBUG [AttributePersistenceService] Created jboss:service=AttributePersistenceService
09:29:41,170 DEBUG [LocalJBossServerDomain] handleNotification: javax.management.Notification[source=jboss.system:service=ServiceController][type=org.jboss.system.ServiceMBean.create][message=]
09:29:41,170 DEBUG [DefaultManagedObjectFactoryMap] Failed to find factory for event: javax.management.Notification[source=jboss.system:service=ServiceController][type=org.jboss.system.ServiceMBean.create][message=]
09:29:41,170 DEBUG [ServiceController] Creating dependent components for: jboss:service=AttributePersistenceService dependents are: []
09:29:41,170 DEBUG [ServiceController] Creating service jboss.system:service=ThreadPool
09:29:41,170 DEBUG [LocalJBossServerDomain] handleNotification: javax.management.Notification[source=jboss.system:service=ServiceController][type=org.jboss.system.ServiceMBean.create][message=]
09:29:41,170 DEBUG [DefaultManagedObjectFactoryMap] Failed to find factory for event: javax.management.Notification[source=jboss.system:service=ServiceController][type=org.jboss.system.ServiceMBean.create][message=]
09:29:41,170 DEBUG [ServiceController] Creating dependent components for: jboss.system:service=ThreadPool dependents are: [ObjectName: jboss:service=WebService
  State: CONFIGURED
  I Depend On:
    jboss.system:service=ThreadPool
, ObjectName: jboss:service=Naming
  State: CONFIGURED
  I Depend On:
    jboss.system:service=ThreadPool
]
09:29:41,170 DEBUG [ServiceController] Creating service jboss:service=WebService
09:29:41,170 DEBUG [WebService] Creating jboss:service=WebService
09:29:41,173 INFO  [WebService] Using RMI server codebase: http://ec2-54-204-246-249.compute-1.amazonaws.com:9183/
09:29:41,173 DEBUG [WebService] Created jboss:service=WebService
09:29:41,173 DEBUG [LocalJBossServerDomain] handleNotification: javax.management.Notification[source=jboss.system:service=ServiceController][type=org.jboss.system.ServiceMBean.create][message=]
09:29:41,173 DEBUG [DefaultManagedObjectFactoryMap] Failed to find factory for event: javax.management.Notification[source=jboss.system:service=ServiceController][type=org.jboss.system.ServiceMBean.create][message=]
09:29:41,173 DEBUG [ServiceController] Creating dependent components for: jboss:service=WebService dependents are: []
09:29:41,174 DEBUG [ServiceController] Creating service jboss:service=Naming
09:29:41,174 DEBUG [NamingService] Creating jboss:service=Naming
09:29:41,174 DEBUG [NamingService] Created jboss:service=Naming
09:29:41,174 DEBUG [LocalJBossServerDomain] handleNotification: javax.management.Notification[source=jboss.system:service=ServiceController][type=org.jboss.system.ServiceMBean.create][message=]
09:29:41,197 DEBUG [JNDIResource] Service name: jboss:service=Naming
09:29:41,243 DEBUG [JNDIResource] postRegister(), parent: jboss.management.local:j2eeType=J2EEServer,name=Local
09:29:41,246 DEBUG [JNDIResource] Created JSR-77 JNDIResource: LocalJNDI
09:29:41,246 DEBUG [ServiceController] Creating dependent components for: jboss:service=Naming dependents are: []
09:29:41,246 DEBUG [ServiceController] Creating service jboss.system:type=Log4jService,service=Logging
09:29:41,247 DEBUG [Log4jService] Creating jboss.system:type=Log4jService,service=Logging
09:29:41,249 INFO  [Log4jService$URLWatchTimerTask] Configuring from URL: resource:log4j.xml
